#
# A fatal error has been detected by the Java Runtime Environment:
#
#  EXCEPTION_ACCESS_VIOLATION (0xc0000005) at pc=0x00000000661cc750, pid=5428, tid=6400
#
# JRE version: 6.0_17-b04
# Java VM: Java HotSpot(TM) 64-Bit Server VM (14.3-b01 mixed mode windows-amd64 )
# Problematic frame:
# C  0x00000000661cc750
#
# If you would like to submit a bug report, please visit:
#   http://java.sun.com/webapps/bugreport/crash.jsp
# The crash happened outside the Java Virtual Machine in native code.
# See problematic frame for where to report the bug.
#

---------------  T H R E A D  ---------------

Current thread (0x00000000671cb000):  JavaThread "AWT-Windows" daemon [_thread_in_native, id=6400, stack(0x000000009c000000,0x00000000a0000000)]

siginfo: ExceptionCode=0xc0000005, reading address 0x0000000000000008

Registers:
EAX=0x000000000000000d, EBX=0x00000000671cb1b8, ECX=0x0000000000000000, EDX=0xffffffffa5011a23
ESP=0x000000009fffd628, EBP=0x0000000077818990, ESI=0x00000000671cb1b8, EDI=0x000000007732fc30
EIP=0x00000000661cc750, EFLAGS=0x0000000000010202

Top of Stack: (sp=0x000000009fffd628)
0x000000009fffd628:   000000006617589c 0000000000000000
0x000000009fffd638:   00000000671cb1b8 0000000077818990
0x000000009fffd648:   00000000671cb1b8 0000000000000000
0x000000009fffd658:   00000000671cb1b8 00000000671cb000
0x000000009fffd668:   0000000066153810 00000000671cb1b8
0x000000009fffd678:   000000009fffdd48 000000009fffddc0
0x000000009fffd688:   0000000077818990 0000000000000000
0x000000009fffd698:   0000000066172151 000007fe00000000
0x000000009fffd6a8:   000000009fffddb8 0000000000000046
0x000000009fffd6b8:   000000009fffddc0 0000000000000000
0x000000009fffd6c8:   0000000000000001 0000000000000000
0x000000009fffd6d8:   0000000000000000 00004c5e00000000
0x000000009fffd6e8:   0000000000000000 0000000000000000
0x000000009fffd6f8:   0000000000000000 0000000000000000
0x000000009fffd708:   0000000000000002 0000000000000282
0x000000009fffd718:   0000000000000000 0000000000000000 

Instructions: (pc=0x00000000661cc750)
0x00000000661cc740:   48 8b 41 08 48 8b 80 18 0c 00 00 c3 cc cc cc cc
0x00000000661cc750:   48 8b 49 08 48 85 c9 74 05 e9 72 f6 fd ff 33 c0 


Stack: [0x000000009c000000,0x00000000a0000000],  sp=0x000000009fffd628,  free space=65525k
Native frames: (J=compiled Java code, j=interpreted, Vv=VM code, C=native code)
C  0x00000000661cc750

Java frames: (J=compiled Java code, j=interpreted, Vv=VM code)
j  sun.java2d.windows.GDIBlitLoops.nativeBlit(Lsun/java2d/SurfaceData;Lsun/java2d/SurfaceData;Lsun/java2d/pipe/Region;IIIIIIIIIZ)V+0
j  sun.java2d.windows.GDIBlitLoops.Blit(Lsun/java2d/SurfaceData;Lsun/java2d/SurfaceData;Ljava/awt/Composite;Lsun/java2d/pipe/Region;IIIIII)V+33
j  sun.java2d.pipe.DrawImage.blitSurfaceData(Lsun/java2d/SunGraphics2D;Lsun/java2d/pipe/Region;Lsun/java2d/SurfaceData;Lsun/java2d/SurfaceData;Lsun/java2d/loops/SurfaceType;Lsun/java2d/loops/SurfaceType;IIIIIILjava/awt/Color;)V+97
j  sun.java2d.pipe.DrawImage.renderImageCopy(Lsun/java2d/SunGraphics2D;Ljava/awt/Image;Ljava/awt/Color;IIIIII)Z+75
j  sun.java2d.pipe.DrawImage.copyImage(Lsun/java2d/SunGraphics2D;Ljava/awt/Image;IIIIIILjava/awt/Color;)Z+33
j  sun.java2d.pipe.DrawImage.copyImage(Lsun/java2d/SunGraphics2D;Ljava/awt/Image;IIIIIILjava/awt/Color;Ljava/awt/image/ImageObserver;)Z+23
j  sun.java2d.pipe.ValidatePipe.copyImage(Lsun/java2d/SunGraphics2D;Ljava/awt/Image;IIIIIILjava/awt/Color;Ljava/awt/image/ImageObserver;)Z+29
j  sun.java2d.SunGraphics2D.copyImage(Ljava/awt/Image;IIIIIILjava/awt/Color;Ljava/awt/image/ImageObserver;)Z+20
j  sun.java2d.SunGraphics2D.drawImage(Ljava/awt/Image;IIIIIIIILjava/awt/Color;Ljava/awt/image/ImageObserver;)Z+154
j  sun.java2d.SunGraphics2D.drawImage(Ljava/awt/Image;IIIIIIIILjava/awt/image/ImageObserver;)Z+19
j  java.awt.Component$BltBufferStrategy.showSubRegion(IIII)V+117
j  java.awt.Component$BltSubRegionBufferStrategy.showIfNotLost(IIII)Z+13
j  javax.swing.BufferStrategyPaintManager.show(Ljava/awt/Container;IIII)Z+100
j  javax.swing.RepaintManager.show(Ljava/awt/Container;IIII)Z+11
j  javax.swing.SwingPaintEventDispatcher.createPaintEvent(Ljava/awt/Component;IIII)Ljava/awt/event/PaintEvent;+38
j  sun.awt.windows.WComponentPeer.postPaintIfNecessary(IIII)V+28
j  sun.awt.windows.WComponentPeer.handleExpose(IIII)V+6
v  ~StubRoutines::call_stub
j  sun.awt.windows.WToolkit.eventLoop()V+0
j  sun.awt.windows.WToolkit.run()V+69
j  java.lang.Thread.run()V+11
v  ~StubRoutines::call_stub

---------------  P R O C E S S  ---------------

Java Threads: ( => current thread )
  0x0000000065e09000 JavaThread "Code Analyzer updating thread" [_thread_blocked, id=2984, stack(0x000000012e020000,0x0000000132020000)]
  0x0000000065e05000 JavaThread "Prefs Updater" daemon [_thread_blocked, id=2928, stack(0x00000000d7f40000,0x00000000dbf40000)]
  0x0000000065e02800 JavaThread "pool-7-thread-1" [_thread_blocked, id=5140, stack(0x00000000e3f40000,0x00000000e7f40000)]
  0x0000000065e08000 JavaThread "Thread-124" [_thread_blocked, id=6984, stack(0x0000000107f40000,0x000000010bf40000)]
  0x00000000676c2000 JavaThread "pool-1-thread-1" [_thread_blocked, id=4996, stack(0x00000000c4000000,0x00000000c8000000)]
  0x0000000065e05800 JavaThread "Swing-Shell" daemon [_thread_blocked, id=6800, stack(0x0000000140030000,0x0000000144030000)]
  0x00000000676c0000 JavaThread "Timer-2" daemon [_thread_blocked, id=2508, stack(0x0000000114f10000,0x0000000118f10000)]
  0x00000000676c0800 JavaThread "com.jniwrapper.NativeResourceCollector" daemon [_thread_blocked, id=7020, stack(0x000000010bf40000,0x000000010ff40000)]
  0x00000000676bf000 JavaThread "Code Analyzer updating thread" [_thread_blocked, id=5536, stack(0x0000000103f40000,0x0000000107f40000)]
  0x00000000676be800 JavaThread "Code Analyzer updating thread" [_thread_blocked, id=2204, stack(0x00000000fff40000,0x0000000103f40000)]
  0x00000000676be000 JavaThread "Code Analyzer updating thread" [_thread_blocked, id=3336, stack(0x00000000fbf40000,0x00000000fff40000)]
  0x00000000676bd000 JavaThread "Code Analyzer updating thread" [_thread_blocked, id=5588, stack(0x00000000f7f40000,0x00000000fbf40000)]
  0x00000000676bc800 JavaThread "Active Reference Queue Daemon" daemon [_thread_blocked, id=6392, stack(0x00000000f3f40000,0x00000000f7f40000)]
  0x00000000676bb800 JavaThread "Timer-1" daemon [_thread_blocked, id=5852, stack(0x00000000eff40000,0x00000000f3f40000)]
  0x00000000676bb000 JavaThread "ClipboardMonitor Timer" daemon [_thread_blocked, id=6668, stack(0x00000000ebf40000,0x00000000eff40000)]
  0x00000000676ba000 JavaThread "Explorer NavigationContext request queue" daemon [_thread_blocked, id=2572, stack(0x00000000e7f40000,0x00000000ebf40000)]
  0x00000000676b8800 JavaThread "AddressBar directory emptiness poller" daemon [_thread_blocked, id=6912, stack(0x00000000dff40000,0x00000000e3f40000)]
  0x00000000676b8000 JavaThread "Explorer Refresh Service 695756428" daemon [_thread_blocked, id=6648, stack(0x00000000dbf40000,0x00000000dff40000)]
  0x00000000676b7800 JavaThread "Thread-4" daemon [_thread_blocked, id=3380, stack(0x00000000d2f70000,0x00000000d6f70000)]
  0x00000000676b4800 JavaThread "TimerQueue" daemon [_thread_blocked, id=6956, stack(0x00000000c0000000,0x00000000c4000000)]
  0x00000000676b3800 JavaThread "Thread-3" daemon [_thread_blocked, id=6180, stack(0x00000000ac000000,0x00000000b0000000)]
  0x00000000676b3000 JavaThread "FelixPackageAdmin" daemon [_thread_blocked, id=7144, stack(0x00000000b8000000,0x00000000bc000000)]
  0x0000000066444000 JavaThread "FelixStartLevel" daemon [_thread_blocked, id=4660, stack(0x00000000b4000000,0x00000000b8000000)]
  0x00000000676d9000 JavaThread "FelixDispatchQueue" daemon [_thread_blocked, id=6556, stack(0x00000000b0000000,0x00000000b4000000)]
  0x0000000067456800 JavaThread "AWT-EventQueue-0" [_thread_in_native, id=4824, stack(0x00000000a8000000,0x00000000ac000000)]
  0x00000000672ec000 JavaThread "com.google.common.base.internal.Finalizer" daemon [_thread_blocked, id=6004, stack(0x00000000a4000000,0x00000000a8000000)]
=>0x00000000671cb000 JavaThread "AWT-Windows" daemon [_thread_in_native, id=6400, stack(0x000000009c000000,0x00000000a0000000)]
  0x00000000671ca000 JavaThread "AWT-Shutdown" [_thread_blocked, id=6864, stack(0x0000000098000000,0x000000009c000000)]
  0x0000000067283000 JavaThread "Java2D Disposer" daemon [_thread_blocked, id=1548, stack(0x0000000094000000,0x0000000098000000)]
  0x0000000066d5a000 JavaThread "Timer-0" [_thread_blocked, id=6172, stack(0x0000000090000000,0x0000000094000000)]
  0x0000000066dcd800 JavaThread "EventMgr Dispatcher" daemon [_thread_in_native, id=3300, stack(0x000000008c000000,0x0000000090000000)]
  0x0000000055c08800 JavaThread "Low Memory Detector" daemon [_thread_blocked, id=3980, stack(0x0000000084000000,0x0000000088000000)]
  0x0000000055c03000 JavaThread "CompilerThread1" daemon [_thread_blocked, id=508, stack(0x0000000080000000,0x0000000084000000)]
  0x0000000055bf8000 JavaThread "CompilerThread0" daemon [_thread_blocked, id=6692, stack(0x000000006b010000,0x000000006f010000)]
  0x0000000055bf6800 JavaThread "Attach Listener" daemon [_thread_blocked, id=5416, stack(0x0000000061cf0000,0x0000000065cf0000)]
  0x0000000055b99000 JavaThread "Finalizer" daemon [_thread_blocked, id=5372, stack(0x000000005dcf0000,0x0000000061cf0000)]
  0x0000000055b98000 JavaThread "Reference Handler" daemon [_thread_blocked, id=5284, stack(0x0000000059cf0000,0x000000005dcf0000)]
  0x00000000063bf000 JavaThread "main" [_thread_in_native, id=5788, stack(0x0000000000030000,0x0000000004030000)]

Other Threads:
  0x0000000055b95000 VMThread [stack: 0x0000000055cf0000,0x0000000059cf0000] [id=5060]
  0x0000000055c3a800 WatcherThread [stack: 0x0000000088000000,0x000000008c000000] [id=5988]

VM state:not at safepoint (normal execution)

VM Mutex/Monitor currently owned by a thread: None

Heap
 PSYoungGen      total 23360K, used 19903K [0x00000000429f0000, 0x00000000445b0000, 0x0000000045af0000)
  eden space 21440K, 83% used [0x00000000429f0000,0x0000000043b845e0,0x0000000043ee0000)
  from space 1920K, 99% used [0x0000000044180000,0x000000004435b6b0,0x0000000044360000)
  to   space 2688K, 0% used [0x0000000043ee0000,0x0000000043ee0000,0x0000000044180000)
 PSOldGen        total 88256K, used 55493K [0x00000000396f0000, 0x000000003ed20000, 0x00000000429f0000)
  object space 88256K, 62% used [0x00000000396f0000,0x000000003cd216c0,0x000000003ed20000)
 PSPermGen       total 131072K, used 75215K [0x00000000316f0000, 0x00000000396f0000, 0x00000000396f0000)
  object space 131072K, 57% used [0x00000000316f0000,0x0000000036063da8,0x00000000396f0000)

Dynamic libraries:
0x0000000140000000 - 0x0000000140028000 	C:\Program Files\MATLAB\R2013a\bin\win64\MATLAB.exe
0x0000000076cd0000 - 0x0000000076e79000 	C:\Windows\SYSTEM32\ntdll.dll
0x0000000076bb0000 - 0x0000000076ccf000 	C:\Windows\system32\kernel32.dll
0x000007fefd3f0000 - 0x000007fefd45b000 	C:\Windows\system32\KERNELBASE.dll
0x0000000074460000 - 0x0000000074515000 	C:\Program Files\MATLAB\R2013a\bin\win64\libut.dll
0x00000000758a0000 - 0x000000007595f000 	C:\Program Files\MATLAB\R2013a\bin\win64\libmwi18n.dll
0x0000000180000000 - 0x000000018000d000 	C:\Program Files\MATLAB\R2013a\bin\win64\libmwresource_core.dll
0x00000000708b0000 - 0x0000000070948000 	C:\Program Files\MATLAB\R2013a\bin\win64\MSVCP100.dll
0x000000006f9d0000 - 0x000000006faa2000 	C:\Program Files\MATLAB\R2013a\bin\win64\MSVCR100.dll
0x00000000725f0000 - 0x00000000725fe000 	C:\Program Files\MATLAB\R2013a\bin\win64\boost_date_time-vc100-mt-1_49.dll
0x0000000071b00000 - 0x0000000071b2c000 	C:\Program Files\MATLAB\R2013a\bin\win64\boost_filesystem-vc100-mt-1_49.dll
0x0000000071af0000 - 0x0000000071af9000 	C:\Program Files\MATLAB\R2013a\bin\win64\boost_system-vc100-mt-1_49.dll
0x000007fefd970000 - 0x000007fefda4b000 	C:\Windows\system32\ADVAPI32.dll
0x000007fefef40000 - 0x000007fefefdf000 	C:\Windows\system32\msvcrt.dll
0x000007fefef00000 - 0x000007fefef1f000 	C:\Windows\SYSTEM32\sechost.dll
0x000007fefe910000 - 0x000007fefea3d000 	C:\Windows\system32\RPCRT4.dll
0x0000000071a30000 - 0x0000000071a55000 	C:\Program Files\MATLAB\R2013a\bin\win64\LIBEXPAT.dll
0x000000006a3a0000 - 0x000000006a52a000 	C:\Program Files\MATLAB\R2013a\bin\win64\icuin49.dll
0x000000006a260000 - 0x000000006a39e000 	C:\Program Files\MATLAB\R2013a\bin\win64\icuuc49.dll
0x0000000069130000 - 0x000000006a252000 	C:\Program Files\MATLAB\R2013a\bin\win64\icudt49.dll
0x0000000071ae0000 - 0x0000000071af0000 	C:\Program Files\MATLAB\R2013a\bin\win64\icuio49.dll
0x0000000073f70000 - 0x0000000074112000 	C:\Program Files\MATLAB\R2013a\bin\win64\libmwfl.dll
0x000000007a350000 - 0x000000007a737000 	C:\Program Files\MATLAB\R2013a\bin\win64\libmwMATLAB_res.dll
0x000000006af30000 - 0x000000006b00f000 	C:\Program Files\MATLAB\R2013a\bin\win64\boost_regex-vc100-mt-1_49.dll
0x0000000076ab0000 - 0x0000000076baa000 	C:\Windows\system32\USER32.dll
0x000007fefec50000 - 0x000007fefecb7000 	C:\Windows\system32\GDI32.dll
0x000007fefd500000 - 0x000007fefd50e000 	C:\Windows\system32\LPK.dll
0x000007fefd620000 - 0x000007fefd6e9000 	C:\Windows\system32\USP10.dll
0x0000000070780000 - 0x0000000070791000 	C:\Program Files\MATLAB\R2013a\bin\win64\boost_signals-vc100-mt-1_49.dll
0x00000000706b0000 - 0x00000000706c1000 	C:\Program Files\MATLAB\R2013a\bin\win64\boost_thread-vc100-mt-1_49.dll
0x000007fef9410000 - 0x000007fef949c000 	C:\Program Files\MATLAB\R2013a\bin\win64\boost_log-vc100-mt-1_49.dll
0x0000000076ea0000 - 0x0000000076ea7000 	C:\Windows\system32\PSAPI.DLL
0x000007fefeea0000 - 0x000007fefeeed000 	C:\Windows\system32\WS2_32.dll
0x000007fefeef0000 - 0x000007fefeef8000 	C:\Windows\system32\NSI.dll
0x000007fef9820000 - 0x000007fef9853000 	C:\Program Files\MATLAB\R2013a\bin\win64\tbb.dll
0x000007fefef20000 - 0x000007fefef39000 	C:\Windows\system32\imagehlp.dll
0x000007fefad50000 - 0x000007fefad7c000 	C:\Windows\system32\POWRPROF.dll
0x000007fefecc0000 - 0x000007fefee97000 	C:\Windows\system32\SETUPAPI.dll
0x000007fefd480000 - 0x000007fefd4b6000 	C:\Windows\system32\CFGMGR32.dll
0x000007fefd7f0000 - 0x000007fefd8c7000 	C:\Windows\system32\OLEAUT32.dll
0x000007fefea40000 - 0x000007fefec43000 	C:\Windows\system32\ole32.dll
0x000007fefd460000 - 0x000007fefd47a000 	C:\Windows\system32\DEVOBJ.dll
0x0000000004100000 - 0x0000000004121000 	C:\Program Files\MATLAB\R2013a\bin\win64\libmwmfl_scalar.dll
0x000007fef98d0000 - 0x000007fef99f5000 	C:\Windows\system32\dbghelp.dll
0x0000000004270000 - 0x000000000459f000 	C:\Program Files\MATLAB\R2013a\bin\win64\libmwservices.dll
0x0000000075a20000 - 0x0000000075b0b000 	C:\Program Files\MATLAB\R2013a\bin\win64\libmx.dll
0x000007fef6c40000 - 0x000007fef6c68000 	C:\Program Files\MATLAB\R2013a\bin\win64\tbbmalloc.dll
0x0000000070690000 - 0x00000000706a7000 	C:\Program Files\MATLAB\R2013a\bin\win64\zlib1.dll
0x00000000045a0000 - 0x00000000045ee000 	C:\Program Files\MATLAB\R2013a\bin\win64\libmwregexp.dll
0x0000000075f10000 - 0x0000000075f57000 	C:\Program Files\MATLAB\R2013a\bin\win64\mpath.dll
0x000000007b680000 - 0x000000007bc66000 	C:\Program Files\MATLAB\R2013a\bin\win64\mlutil.dll
0x00000000754d0000 - 0x0000000075547000 	C:\Program Files\MATLAB\R2013a\bin\win64\xmlcore.dll
0x0000000068ee0000 - 0x0000000069121000 	C:\Program Files\MATLAB\R2013a\bin\win64\xerces-c_2_7.dll
0x0000000004140000 - 0x0000000004162000 	C:\Program Files\MATLAB\R2013a\bin\win64\libmwMATLAB_settings_res.dll
0x000007fefab60000 - 0x000007fefab70000 	C:\Program Files\MATLAB\R2013a\bin\win64\boost_iostreams-vc100-mt-1_49.dll
0x000007fef4ab0000 - 0x000007fef4af6000 	C:\Program Files\MATLAB\R2013a\bin\win64\boost_serialization-vc100-mt-1_49.dll
0x000007fefdb50000 - 0x000007fefe8d8000 	C:\Windows\system32\SHELL32.dll
0x000007fefdad0000 - 0x000007fefdb41000 	C:\Windows\system32\SHLWAPI.dll
0x00000000045f0000 - 0x00000000045f6000 	C:\Program Files\MATLAB\R2013a\bin\win64\libmwnativedisplay.dll
0x000007fef48b0000 - 0x000007fef4950000 	C:\Windows\WinSxS\amd64_microsoft.windows.common-controls_6595b64144ccf1df_5.82.7601.17514_none_a4d6a923711520a9\COMCTL32.dll
0x000007fefd750000 - 0x000007fefd7e7000 	C:\Windows\system32\COMDLG32.dll
0x000007fefb210000 - 0x000007fefb226000 	C:\Windows\system32\NETAPI32.dll
0x000007fefc830000 - 0x000007fefc83c000 	C:\Windows\system32\netutils.dll
0x000007fefcc60000 - 0x000007fefcc83000 	C:\Windows\system32\srvcli.dll
0x000007fefb1f0000 - 0x000007fefb205000 	C:\Windows\system32\wkscli.dll
0x0000000074970000 - 0x0000000074a18000 	C:\Program Files\MATLAB\R2013a\bin\win64\mcr.dll
0x0000000075000000 - 0x00000000753b1000 	C:\Program Files\MATLAB\R2013a\bin\win64\iqm.dll
0x0000000074e80000 - 0x0000000074f30000 	C:\Program Files\MATLAB\R2013a\bin\win64\m_dispatcher.dll
0x0000000004600000 - 0x0000000004e08000 	C:\Program Files\MATLAB\R2013a\bin\win64\m_interpreter.dll
0x0000000004e10000 - 0x0000000004e34000 	C:\Program Files\MATLAB\R2013a\bin\win64\libmex.dll
0x0000000075430000 - 0x00000000754ab000 	C:\Program Files\MATLAB\R2013a\bin\win64\profiler.dll
0x0000000004e40000 - 0x00000000050c3000 	C:\Program Files\MATLAB\R2013a\bin\win64\libmwmathutil.dll
0x0000000079f40000 - 0x0000000079f66000 	C:\Program Files\MATLAB\R2013a\bin\win64\libmwmathrng.dll
0x00000000050d0000 - 0x00000000050e0000 	C:\Program Files\MATLAB\R2013a\bin\win64\libmwmfl_rng.dll
0x0000000074c10000 - 0x0000000074cf8000 	C:\Program Files\MATLAB\R2013a\bin\win64\libmwmathcore.dll
0x0000000076160000 - 0x00000000761c3000 	C:\Program Files\MATLAB\R2013a\bin\win64\libmwspmatrix.dll
0x000000007b0a0000 - 0x000000007b2f6000 	C:\Program Files\MATLAB\R2013a\bin\win64\mcos.dll
0x0000000075ea0000 - 0x0000000075f02000 	C:\Program Files\MATLAB\R2013a\bin\win64\libmwcholmod.dll
0x00000000050f0000 - 0x00000000050fd000 	C:\Program Files\MATLAB\R2013a\bin\win64\libmwamd.dll
0x00000000705c0000 - 0x0000000070663000 	C:\Windows\WinSxS\amd64_microsoft.vc90.crt_1fc8b3b9a1e18e3b_9.0.30729.6161_none_08e61857a83bc251\MSVCR90.dll
0x0000000005110000 - 0x000000000511c000 	C:\Program Files\MATLAB\R2013a\bin\win64\libmwcolamd.dll
0x000000007a290000 - 0x000000007a2a3000 	C:\Program Files\MATLAB\R2013a\bin\win64\libmwblas.dll
0x000000007a310000 - 0x000000007a325000 	C:\Program Files\MATLAB\R2013a\bin\win64\libmwbinder.dll
0x0000000005130000 - 0x000000000513b000 	C:\Program Files\MATLAB\R2013a\bin\win64\libmwompwrapper.dll
0x0000000075820000 - 0x000000007589e000 	C:\Program Files\MATLAB\R2013a\bin\win64\libmwlapack.dll
0x000000007a1b0000 - 0x000000007a1d0000 	C:\Program Files\MATLAB\R2013a\bin\win64\m_pcodeio.dll
0x0000000079b10000 - 0x0000000079b6c000 	C:\Program Files\MATLAB\R2013a\bin\win64\m_ir.dll
0x0000000078ed0000 - 0x0000000079579000 	C:\Program Files\MATLAB\R2013a\bin\win64\m_parser.dll
0x000000007a2f0000 - 0x000000007a307000 	C:\Program Files\MATLAB\R2013a\bin\win64\ir_xfmr.dll
0x0000000005140000 - 0x0000000005150000 	C:\Program Files\MATLAB\R2013a\bin\win64\mtok.dll
0x000000007a130000 - 0x000000007a158000 	C:\Program Files\MATLAB\R2013a\bin\win64\m_pcodegen.dll
0x0000000079fb0000 - 0x0000000079fdf000 	C:\Program Files\MATLAB\R2013a\bin\win64\libmwbridge.dll
0x0000000074f40000 - 0x0000000074ff6000 	C:\Program Files\MATLAB\R2013a\bin\win64\udd.dll
0x0000000073cc0000 - 0x0000000073e0e000 	C:\Program Files\MATLAB\R2013a\bin\win64\libmwgui.dll
0x000000007a1d0000 - 0x000000007a1f4000 	C:\Program Files\MATLAB\R2013a\bin\win64\graphics_util.dll
0x000007fef2870000 - 0x000007fef2928000 	C:\Program Files\MATLAB\R2013a\bin\win64\libtex_base.dll
0x0000000005150000 - 0x0000000005a93000 	C:\Program Files\MATLAB\R2013a\bin\win64\hg.dll
0x0000000076100000 - 0x000000007615a000 	C:\Program Files\MATLAB\R2013a\bin\win64\libmat.dll
0x0000000072d30000 - 0x0000000072f38000 	C:\Program Files\MATLAB\R2013a\bin\win64\hdf5dll.dll
0x0000000075710000 - 0x00000000757d8000 	C:\Program Files\MATLAB\R2013a\bin\win64\jmi.dll
0x0000000005ab0000 - 0x0000000005abe000 	C:\Program Files\MATLAB\R2013a\bin\win64\nativejava_services.dll
0x0000000005ac0000 - 0x0000000005b00000 	C:\Program Files\MATLAB\R2013a\bin\win64\libmwhardcopy.dll
0x0000000075c70000 - 0x0000000075cce000 	C:\Program Files\MATLAB\R2013a\bin\win64\libuij.dll
0x0000000072f50000 - 0x000000007318f000 	C:\Program Files\MATLAB\R2013a\bin\win64\hgdatatypes.dll
0x0000000005b00000 - 0x0000000005beb000 	C:\Program Files\MATLAB\R2013a\bin\win64\hgutils.dll
0x0000000005bf0000 - 0x0000000005c9e000 	C:\Program Files\MATLAB\R2013a\bin\win64\udd_mi.dll
0x0000000005ca0000 - 0x0000000005cd6000 	C:\Program Files\MATLAB\R2013a\bin\win64\libmwgbtutils.dll
0x0000000005ce0000 - 0x0000000005cf4000 	C:\Program Files\MATLAB\R2013a\bin\win64\libmwgbt.dll
0x0000000005d00000 - 0x0000000005fce000 	C:\Program Files\MATLAB\R2013a\bin\win64\uiw.dll
0x0000000005fd0000 - 0x0000000005fd9000 	C:\Program Files\MATLAB\R2013a\bin\win64\uinone.dll
0x0000000005fe0000 - 0x0000000006006000 	C:\Program Files\MATLAB\R2013a\bin\win64\libmwnativefiledialogs.dll
0x0000000006010000 - 0x000000000601c000 	C:\Program Files\MATLAB\R2013a\bin\win64\libmwplatform_res.dll
0x000007fefa830000 - 0x000007fefa848000 	C:\Windows\system32\MPR.dll
0x0000000068980000 - 0x0000000068edd000 	C:\Program Files\MATLAB\R2013a\bin\win64\mfc100.dll
0x000007fef4b20000 - 0x000007fef4b27000 	C:\Windows\system32\MSIMG32.dll
0x000007fef8910000 - 0x000007fef8981000 	C:\Windows\system32\WINSPOOL.DRV
0x0000000006020000 - 0x000000000603d000 	C:\Program Files\MATLAB\R2013a\bin\win64\mwoles05.DLL
0x0000000006040000 - 0x00000000060ac000 	C:\Program Files\MATLAB\R2013a\bin\win64\comcli.dll
0x0000000070590000 - 0x00000000705bb000 	C:\Program Files\MATLAB\R2013a\bin\win64\ATL100.DLL
0x00000000060b0000 - 0x00000000060bc000 	C:\Program Files\MATLAB\R2013a\bin\win64\mlautoregister.dll
0x00000000060c0000 - 0x0000000006216000 	C:\Program Files\MATLAB\R2013a\bin\win64\mvm.dll
0x000007fefe8e0000 - 0x000007fefe90e000 	C:\Windows\system32\IMM32.DLL
0x000007fefd510000 - 0x000007fefd619000 	C:\Windows\system32\MSCTF.dll
0x000007fefba80000 - 0x000007fefbad6000 	C:\Windows\system32\UxTheme.dll
0x000007fefb520000 - 0x000007fefb538000 	C:\Windows\system32\dwmapi.dll
0x0000000071ad0000 - 0x0000000071add000 	C:\Program Files\MATLAB\R2013a\bin\win64\MFC100ENU.DLL
0x0000000007be0000 - 0x0000000007c2e000 	C:\Program Files\MATLAB\R2013a\bin\win64\MVMLocal.dll
0x000007fefd130000 - 0x000007fefd13f000 	C:\Windows\system32\profapi.dll

VM Arguments:
jvm_args: -XX:PermSize=32m -Xms64m -XX:NewRatio=3 -XX:MaxPermSize=128m -Xmx196m -XX:MaxDirectMemorySize=2147400000 -Dsun.java2d.noddraw=true -Dsun.awt.nopixfmt=true -Xshare:off -Xrs -Dsun.awt.disableMixing=true -Djava.library.path=C:\Program Files\MATLAB\R2013a\bin\win64;C:\Program Files\MATLAB\R2013a\sys\jxbrowser\win64\lib vfprintf abort 
java_command: <unknown>
Launcher Type: generic

Environment Variables:
PATH=C:\Windows\system32;C:\Windows;C:\Windows\System32\Wbem;C:\Windows\System32\WindowsPowerShell\v1.0\;C:\Program Files\Microsoft\Web Platform Installer\;C:\Program Files (x86)\Microsoft ASP.NET\ASP.NET Web Pages\v1.0\;C:\Program Files (x86)\Windows Kits\8.0\Windows Performance Toolkit\;C:\Program Files\Microsoft SQL Server\110\Tools\Binn\;C:\textureMapLibraries\OpenCV\bin;C:\textureMapLibraries\OpenCV2.4.2\install\bin;C:\textureMapLibraries\gsl\DLL;C:\textureMapLibraries\OpenSceneGraph-3.0.1\bin;C:\Program Files (x86)\Git\cmd;C:\textureMapLibraries\SiftGPU\bin;C:\Program Files (x86)\Microsoft SQL Server\100\Tools\Binn\;C:\Program Files\Microsoft SQL Server\100\Tools\Binn\;C:\Program Files\Microsoft SQL Server\100\DTS\Binn\;C:\Program Files\MATLAB\R2013a\runtime\win64;C:\Program Files\MATLAB\R2013a\bin;C:\Program Files (x86)\Visual Leak Detector\bin\Win32;C:\Program Files (x86)\Visual Leak Detector\bin\Win64;C:\Python33;C:\Program Files (x86)\Microsoft SQL Server\90\Tools\binn\
USERNAME=pcheng
OS=Windows_NT
PROCESSOR_IDENTIFIER=Intel64 Family 6 Model 15 Stepping 11, GenuineIntel



---------------  S Y S T E M  ---------------

OS: Windows 7 Build 7601 Service Pack 1

CPU:total 4 (4 cores per cpu, 1 threads per core) family 6 model 15 stepping 11, cmov, cx8, fxsr, mmx, sse, sse2, sse3, ssse3

Memory: 4k page, physical 25139084k(20923808k free), swap 50276308k(45065008k free)

vm_info: Java HotSpot(TM) 64-Bit Server VM (14.3-b01) for windows-amd64 JRE (1.6.0_17-b04), built on Oct 11 2009 00:46:08 by "java_re" with MS VC++ 8.0

time: Fri May 10 21:10:24 2013
elapsed time: 1301 seconds

